<?xml version="1.0" encoding="UTF-8"?>
<testng-results skipped="0" failed="0" ignored="0" total="0" passed="0">
  <reporter-output>
  </reporter-output>
  <suite name="automation" duration-ms="11" started-at="2020-08-18T16:31:08 IST" finished-at="2020-08-18T16:31:08 IST">
    <groups>
    </groups>
    <test name="automation" duration-ms="11" started-at="2020-08-18T16:31:08 IST" finished-at="2020-08-18T16:31:08 IST">
    </test> <!-- automation -->
  </suite> <!-- automation -->
</testng-results>
